<?xml version="1.0" encoding="UTF-8"?>
<!-- Generated by org.testng.reporters.JUnitReportReporter -->
<testsuite hostname="DESKTOP-UOT98AJ" name="test.LoginTest" tests="1" failures="0" timestamp="20 Jul 2021 13:19:10 GMT" time="12.678" errors="0">
  <testcase name="Testcase1" time="12.678" classname="test.LoginTest"/>
</testsuite> <!-- test.LoginTest -->
