<?xml version="1.0" encoding="UTF-8"?>
<!-- Generated by org.testng.reporters.JUnitReportReporter -->
<testsuite hostname="DESKTOP-UOT98AJ" name="testNGExamples.Testcase1" tests="3" failures="0" timestamp="20 Jul 2021 14:14:22 GMT" time="0.001" errors="0">
  <testcase name="LoanTest1" time="0.001" classname="testNGExamples.Testcase1"/>
  <testcase name="LoanTest" time="0.000" classname="testNGExamples.Testcase1"/>
  <testcase name="CreditCardTest" time="0.000" classname="testNGExamples.Testcase1"/>
</testsuite> <!-- testNGExamples.Testcase1 -->
