<?xml version="1.0" encoding="UTF-8"?>
<!-- Generated by org.testng.reporters.JUnitReportReporter -->
<testsuite hostname="DESKTOP-UOT98AJ" name="testNGExamples.Testcase2" tests="2" failures="0" timestamp="20 Jul 2021 14:14:22 GMT" time="0.004" errors="0">
  <testcase name="LoanTest2" time="0.002" classname="testNGExamples.Testcase2"/>
  <testcase name="InsuranceTest" time="0.002" classname="testNGExamples.Testcase2"/>
</testsuite> <!-- testNGExamples.Testcase2 -->
