<?xml version="1.0" encoding="UTF-8"?>
<!-- Generated by org.testng.reporters.JUnitReportReporter -->
<testsuite hostname="DESKTOP-UOT98AJ" name="test.LoginTest" tests="1" failures="0" timestamp="20 Jul 2021 14:14:22 GMT" time="13.538" errors="0">
  <testcase name="Testcase1" time="13.538" classname="test.LoginTest"/>
</testsuite> <!-- test.LoginTest -->
